<?xml version="1.0" encoding="UTF-8"?>
<testng-results skipped="0" failed="0" ignored="0" total="1" passed="1">
  <reporter-output>
  </reporter-output>
  <suite name="Default suite" duration-ms="69911" started-at="2021-10-20T14:01:15 IST" finished-at="2021-10-20T14:02:25 IST">
    <groups>
    </groups>
    <test name="Default test" duration-ms="69911" started-at="2021-10-20T14:01:15 IST" finished-at="2021-10-20T14:02:25 IST">
      <class name="Project.TC_58_createLead">
        <test-method status="PASS" signature="login()[pri:0, instance:Project.TC_58_createLead@2a70a3d8]" name="login" is-config="true" duration-ms="34202" started-at="2021-10-20T14:01:15 IST" finished-at="2021-10-20T14:01:49 IST">
          <reporter-output>
          </reporter-output>
        </test-method> <!-- login -->
        <test-method status="PASS" signature="createLeadAndDelete()[pri:0, instance:Project.TC_58_createLead@2a70a3d8]" name="createLeadAndDelete" duration-ms="29476" started-at="2021-10-20T14:01:49 IST" finished-at="2021-10-20T14:02:19 IST">
          <reporter-output>
          </reporter-output>
        </test-method> <!-- createLeadAndDelete -->
        <test-method status="PASS" signature="logout()[pri:0, instance:Project.TC_58_createLead@2a70a3d8]" name="logout" is-config="true" duration-ms="5957" started-at="2021-10-20T14:02:19 IST" finished-at="2021-10-20T14:02:25 IST">
          <reporter-output>
          </reporter-output>
        </test-method> <!-- logout -->
      </class> <!-- Project.TC_58_createLead -->
    </test> <!-- Default test -->
  </suite> <!-- Default suite -->
</testng-results>
