<?xml version="1.0" encoding="UTF-8"?>
<!-- Generated by org.testng.reporters.JUnitXMLReporter -->
<testsuite hostname="DESKTOP-2FMP69Q" ignored="2" name="Test" tests="3" failures="0" timestamp="2021-10-08T11:11:29 IST" time="84.277" errors="0">
  <testcase name="createOrg2" time="17.005" classname="Project.TC_41to45_organisation"/>
  <testcase name="createOrg3" time="15.466" classname="Project.TC_41to45_organisation"/>
  <testcase name="createOrgWithoutNotify" time="15.503" classname="Project.TC_41to45_organisation"/>
  <testcase name="searchOrg" time="0.0" classname="Project.TC_41to45_organisation">
    <ignored/>
  </testcase> <!-- searchOrg -->
  <testcase name="createOrg" time="0.0" classname="Project.TC_41to45_organisation">
    <ignored/>
  </testcase> <!-- createOrg -->
</testsuite> <!-- Test -->
