<?xml version="1.0" encoding="UTF-8"?>
<!-- Generated by org.testng.reporters.JUnitXMLReporter -->
<testsuite hostname="DESKTOP-2FMP69Q" ignored="0" name="TestRunner2" tests="5" failures="0" timestamp="2021-10-08T10:47:39 IST" time="180.56" errors="0">
  <testcase name="searchOrg" time="24.561" classname="Project.TC_41to45_organisation"/>
  <testcase name="createOrg" time="26.067" classname="Project.TC_41to45_organisation"/>
  <testcase name="createOrg2" time="14.599" classname="Project.TC_41to45_organisation"/>
  <testcase name="createOrg3" time="16.562" classname="Project.TC_41to45_organisation"/>
  <testcase name="createOrgWithoutNotify" time="14.936" classname="Project.TC_41to45_organisation"/>
</testsuite> <!-- TestRunner2 -->
