<?xml version="1.0" encoding="UTF-8"?>
<!-- Generated by org.testng.reporters.JUnitXMLReporter -->
<testsuite hostname="DESKTOP-2FMP69Q" ignored="0" name="TestRunner1" tests="5" failures="0" timestamp="2021-10-08T10:47:39 IST" time="181.747" errors="0">
  <testcase name="searchOrg" time="22.816" classname="Project.TC_41to45_organisation"/>
  <testcase name="createOrg" time="25.97" classname="Project.TC_41to45_organisation"/>
  <testcase name="createOrg2" time="15.369" classname="Project.TC_41to45_organisation"/>
  <testcase name="createOrg3" time="17.343" classname="Project.TC_41to45_organisation"/>
  <testcase name="createOrgWithoutNotify" time="14.749" classname="Project.TC_41to45_organisation"/>
</testsuite> <!-- TestRunner1 -->
